<?xml version="1.0" encoding="UTF-8"?>
<!-- Generated by org.testng.reporters.JUnitXMLReporter -->
<testsuite ignored="0" hostname="SQS-LLC" failures="0" tests="4" name="ExtendReportDemoTest" time="39.551" errors="0" timestamp="2025-07-14T16:40:42 EDT">
  <testcase classname="ExtentReport.ExtentReportDemo" name="successfulSubmitOrderValidation" time="9.918"/>
  <testcase classname="ExtentReport.ExtentReportDemo" name="successfulSubmitOrderValidation" time="9.856"/>
  <testcase classname="ExtentReport.ExtentReportDemo" name="orderExistsValidation" time="5.988"/>
  <testcase classname="ExtentReport.ExtentReportDemo" name="orderExistsValidation" time="6.018"/>
</testsuite> <!-- ExtendReportDemoTest -->
