<?xml version="1.0" encoding="UTF-8"?>
<!-- Generated by org.testng.reporters.JUnitXMLReporter -->
<testsuite ignored="0" hostname="SQS-LLC" failures="0" tests="4" name="Test2" time="111.845" errors="0" timestamp="2025-07-24T22:18:47 EDT">
  <testcase classname="ExtentReport.ExtentReportDemo" name="successfulSubmitOrderValidation" time="25.62"/>
  <testcase classname="ExtentReport.ExtentReportDemo" name="successfulSubmitOrderValidation" time="18.717"/>
  <testcase classname="ExtentReport.ExtentReportDemo" name="torderExistsValidation" time="26.679"/>
  <testcase classname="ExtentReport.ExtentReportDemo" name="torderExistsValidation" time="18.177"/>
</testsuite> <!-- Test2 -->
