<?xml version="1.0" encoding="UTF-8"?>
<testng-results ignored="0" total="1" passed="1" failed="0" skipped="0">
  <reporter-output>
  </reporter-output>
  <suite started-at="2025-07-25T13:14:23 EDT" name="Suite" finished-at="2025-07-25T13:14:54 EDT" duration-ms="31180">
    <groups>
    </groups>
    <test started-at="2025-07-25T13:14:23 EDT" name="Test" finished-at="2025-07-25T13:14:54 EDT" duration-ms="31180">
      <class name="simplePackage.SimpleReportClass">
        <test-method is-config="true" signature="reportMethod()[pri:0, instance:simplePackage.SimpleReportClass@27eedb64]" started-at="2025-07-25T13:14:23 EDT" name="reportMethod" finished-at="2025-07-25T13:14:23 EDT" duration-ms="710" status="PASS">
          <reporter-output>
          </reporter-output>
        </test-method> <!-- reportMethod -->
        <test-method signature="reportDemo()[pri:0, instance:simplePackage.SimpleReportClass@27eedb64]" started-at="2025-07-25T13:14:23 EDT" name="reportDemo" finished-at="2025-07-25T13:14:52 EDT" duration-ms="28607" status="PASS">
          <reporter-output>
          </reporter-output>
        </test-method> <!-- reportDemo -->
        <test-method is-config="true" signature="tearDown()[pri:0, instance:simplePackage.SimpleReportClass@27eedb64]" started-at="2025-07-25T13:14:52 EDT" name="tearDown" finished-at="2025-07-25T13:14:54 EDT" duration-ms="1741" status="PASS">
          <reporter-output>
          </reporter-output>
        </test-method> <!-- tearDown -->
      </class> <!-- simplePackage.SimpleReportClass -->
    </test> <!-- Test -->
  </suite> <!-- Suite -->
</testng-results>
